<?xml version="1.0" encoding="UTF-8"?>
<testsuite xmlns:xsi="http://www.w3.org/2001/XMLSchema-instance" xsi:noNamespaceSchemaLocation="https://maven.apache.org/surefire/maven-surefire-plugin/xsd/surefire-test-report.xsd" name="models.WeighterTFTest" time="0.042" tests="1" errors="0" skipped="0" failures="1">
  <properties>
[...]
</properties>
  <testcase name="getDocWeightsForStemTest" classname="models.WeighterTFTest" time="0.037">
    <failure message="&#10;index.getTfsForStem(&lt;any java.lang.String&gt;);&#10;Wanted 2 times:&#10;-&gt; at models.WeighterTFTest.getDocWeightsForStemTest(WeighterTFTest.java:58)&#10;But was 1 time:&#10;-&gt; at models.WeighterTF.getDocWeightsForStem(WeighterTF.java:29)&#10;" type="org.mockito.exceptions.verification.TooFewActualInvocations"><![CDATA[org.mockito.exceptions.verification.TooFewActualInvocations: 

index.getTfsForStem(<any java.lang.String>);
Wanted 2 times:
-> at models.WeighterTFTest.getDocWeightsForStemTest(WeighterTFTest.java:58)
But was 1 time:
-> at models.WeighterTF.getDocWeightsForStem(WeighterTF.java:29)

	at models.WeighterTFTest.getDocWeightsForStemTest(WeighterTFTest.java:58)
]]></failure>
  </testcase>
</testsuite>